[debug] [2023-08-01T14:34:46.331Z] ----------------------------------------------------------------------
[debug] [2023-08-01T14:34:46.332Z] Command:       /usr/local/bin/node /usr/local/bin/firebase init
[debug] [2023-08-01T14:34:46.332Z] CLI Version:   12.4.6
[debug] [2023-08-01T14:34:46.333Z] Platform:      darwin
[debug] [2023-08-01T14:34:46.333Z] Node Version:  v18.15.0
[debug] [2023-08-01T14:34:46.333Z] Time:          Tue Aug 01 2023 16:34:46 GMT+0200 (Central European Summer Time)
[debug] [2023-08-01T14:34:46.333Z] ----------------------------------------------------------------------
[debug] 
[debug] [2023-08-01T14:34:46.368Z] > command requires scopes: ["email","openid","https://www.googleapis.com/auth/cloudplatformprojects.readonly","https://www.googleapis.com/auth/firebase","https://www.googleapis.com/auth/cloud-platform"]
[debug] [2023-08-01T14:34:46.368Z] > authorizing via signed-in user (b.trencsenyi@gmail.com)
[info] 
     ######## #### ########  ######## ########     ###     ######  ########
     ##        ##  ##     ## ##       ##     ##  ##   ##  ##       ##
     ######    ##  ########  ######   ########  #########  ######  ######
     ##        ##  ##    ##  ##       ##     ## ##     ##       ## ##
     ##       #### ##     ## ######## ########  ##     ##  ######  ########

You're about to initialize a Firebase project in this directory:

  /Users/trencsenyibalazs/Desktop/Codecool/artworks-react-balazstrencsenyi

Before we get started, keep in mind:

  * You are initializing within an existing Firebase project directory

